"D:/1701890/GreenJam/Content/Geometry/Turtle/Turtle_01a_Skeleton.uasset" 0
"D:/1701890/GreenJam/Content/ABP_TURT.uasset" 1
"D:/1701890/GreenJam/Content/Geometry/Turtle/Turtle_01a_Anim.uasset" 2
"D:/1701890/GreenJam/Content/Geometry/Turtle/Turtle_01a_Anim_2.uasset" 3
"D:/1701890/GreenJam/Content/ABS_Forward.uasset" 4
"D:/1701890/GreenJam/Content/Mannequin/Character/Mesh/UE4_Mannequin_Skeleton.uasset" 5
"D:/1701890/GreenJam/Content/Mannequin/Animations/ThirdPerson_Jump.uasset" 6
"D:/1701890/GreenJam/Content/Mannequin/Animations/ThirdPersonJump_Loop.uasset" 7
"D:/1701890/GreenJam/Content/Mannequin/Animations/ThirdPersonJump_Start.uasset" 8
"D:/1701890/GreenJam/Content/Mannequin/Animations/ThirdPersonIdle.uasset" 9
"D:/1701890/GreenJam/Content/Mannequin/Animations/ThirdPersonRun.uasset" 10
"D:/1701890/GreenJam/Content/Mannequin/Animations/ThirdPersonWalk.uasset" 11
"D:/1701890/GreenJam/Content/Mannequin/Animations/ThirdPerson_IdleRun_2D.uasset" 12
"../../../Engine/Content/EditorBlueprintResources/StandardMacros.uasset" 13
"D:/1701890/GreenJam/Content/Mannequin/Animations/ThirdPerson_AnimBP.uasset" 14
"../../../Engine/Content/Functions/Engine_MaterialFunctions02/Utility/BlendAngleCorrectedNormals.uasset" 15
"../../../Engine/Content/Functions/MaterialLayerFunctions/MatLayerBlend_NormalBlend.uasset" 16
"../../../Engine/Content/Functions/MaterialLayerFunctions/MatLayerBlend_Simple.uasset" 17
"D:/1701890/GreenJam/Content/Mannequin/Character/Materials/MaterialLayers/T_ML_Rubber_Blue_01_D.uasset" 18
"D:/1701890/GreenJam/Content/Mannequin/Character/Materials/MaterialLayers/T_ML_Rubber_Blue_01_N.uasset" 19
"D:/1701890/GreenJam/Content/Mannequin/Character/Materials/MaterialLayers/ML_GlossyBlack_Latex_UE4.uasset" 20
"D:/1701890/GreenJam/Content/Mannequin/Character/Materials/MaterialLayers/ML_Plastic_Shiny_Beige.uasset" 21
"D:/1701890/GreenJam/Content/Mannequin/Character/Textures/UE4_LOGO_CARD.uasset" 22
"D:/1701890/GreenJam/Content/Mannequin/Character/Materials/MaterialLayers/ML_Plastic_Shiny_Beige_LOGO.uasset" 23
"D:/1701890/GreenJam/Content/Mannequin/Character/Materials/MaterialLayers/T_ML_Aluminum01.uasset" 24
"D:/1701890/GreenJam/Content/Mannequin/Character/Materials/MaterialLayers/T_ML_Aluminum01_N.uasset" 25
"D:/1701890/GreenJam/Content/Mannequin/Character/Materials/MaterialLayers/ML_SoftMetal_UE4.uasset" 26
"D:/1701890/GreenJam/Content/Mannequin/Character/Textures/UE4_Mannequin__normals.uasset" 27
"D:/1701890/GreenJam/Content/Mannequin/Character/Textures/UE4_Mannequin_MAT_MASKA.uasset" 28
"D:/1701890/GreenJam/Content/Mannequin/Character/Materials/M_UE4Man_Body.uasset" 29
"D:/1701890/GreenJam/Content/Mannequin/Character/Textures/UE4Man_Logo_N.uasset" 30
"D:/1701890/GreenJam/Content/Mannequin/Character/Materials/M_UE4Man_ChestLogo.uasset" 31
"D:/1701890/GreenJam/Content/Mannequin/Character/Mesh/SK_Mannequin_PhysicsAsset.uasset" 32
"D:/1701890/GreenJam/Content/Mannequin/Character/Mesh/SK_Mannequin.uasset" 33
"D:/1701890/GreenJam/Content/Widgets/Art4Widgets/Ocean.uasset" 34
"D:/1701890/GreenJam/Content/Widgets/Art4Widgets/Sky.uasset" 35
"D:/1701890/GreenJam/Content/Widgets/Art4Widgets/Sun_and_Moon.uasset" 36
"D:/1701890/GreenJam/Content/Widgets/Art4Widgets/UI_Frame.uasset" 37
"D:/1701890/GreenJam/Content/Widgets/WPB_HUD.uasset" 38
"D:/1701890/GreenJam/Content/TopDownCharacter.uasset" 39
"D:/1701890/GreenJam/Content/Geometry/Buoy/Buoy_01a_Skeleton.uasset" 40
"D:/1701890/GreenJam/Content/Geometry/Buoy/Buoy_01a_Anim.uasset" 41
"../../../Engine/Content/BasicShapes/BasicShapeMaterial.uasset" 42
"../../../Engine/Content/Functions/Engine_MaterialFunctions01/Opacity/CameraDepthFade.uasset" 43
"../../../Engine/Content/EngineMaterials/T_Default_Material_Grid_M.uasset" 44
"../../../Engine/Content/EngineMaterials/T_Default_Material_Grid_N.uasset" 45
"../../../Engine/Content/EngineMaterials/DefaultMaterial.uasset" 46
"../../../Engine/Content/BasicShapes/Sphere.uasset" 47
"../../../Engine/Content/Functions/Engine_MaterialFunctions01/ImageAdjustment/Luminosity_And_Color.uasset" 48
"../../../Engine/Content/Functions/Engine_MaterialFunctions01/WorldPositionOffset/SimpleGrassWind.uasset" 49
"../../../Engine/Content/Functions/Engine_MaterialFunctions02/HueShift.uasset" 50
"../../../Engine/Content/Functions/Engine_MaterialFunctions02/ObjectLocalBounds.uasset" 51
"../../../Engine/Content/Functions/Engine_MaterialFunctions02/Utility/BreakOutFloat2Components.uasset" 52
"../../../Engine/Content/Functions/Engine_MaterialFunctions02/Utility/MakeFloat2.uasset" 53
"D:/1701890/GreenJam/Content/Textures/SM_George_A1_ML.uasset" 54
"D:/1701890/GreenJam/Content/Textures/TX_Sand_01a_ALB.uasset" 55
"D:/1701890/GreenJam/Content/Textures/TX_Sand_01a_NRM.uasset" 56
"D:/1701890/GreenJam/Content/Textures/TX_Sand_01a_RMA.uasset" 57
"D:/1701890/GreenJam/Content/Textures/TX_Water_01a_Caustics_Blurred.uasset" 58
"D:/1701890/GreenJam/Content/Materials/M_Base_Gradient_01a.uasset" 59
"D:/1701890/GreenJam/Content/Textures/SM_Can_Holder_A1_ML1.uasset" 60
"D:/1701890/GreenJam/Content/Materials/M_Can_Holder_01a.uasset" 61
"D:/1701890/GreenJam/Content/Static_Meshes/SM_Can_Holder_A1_ML.uasset" 62
"D:/1701890/GreenJam/Content/Textures/SM_Ear_Bud_A1_ML1.uasset" 63
"D:/1701890/GreenJam/Content/Materials/M_Earbud_01a.uasset" 64
"D:/1701890/GreenJam/Content/Static_Meshes/SM_Ear_Bud_A1_ML.uasset" 65
"D:/1701890/GreenJam/Content/Textures/SM_Milk_Bottle_A1_ML1.uasset" 66
"D:/1701890/GreenJam/Content/Materials/M_Bottle_01a.uasset" 67
"D:/1701890/GreenJam/Content/Static_Meshes/SM_Milk_Bottle_A1_ML.uasset" 68
"D:/1701890/GreenJam/Content/Materials/M_Bag_01a.uasset" 69
"D:/1701890/GreenJam/Content/Static_Meshes/SM_Plastic_Bag_A1_ML.uasset" 70
"D:/1701890/GreenJam/Content/Textures/SM_Straw_A1_ML1.uasset" 71
"D:/1701890/GreenJam/Content/Materials/M_Straw_01a.uasset" 72
"D:/1701890/GreenJam/Content/Static_Meshes/SM_Straw_A1_ML.uasset" 73
"D:/1701890/GreenJam/Content/Textures/SM_Tooth_Brush_A1_ML1.uasset" 74
"D:/1701890/GreenJam/Content/Materials/M_Toothbrush_01a.uasset" 75
"D:/1701890/GreenJam/Content/Static_Meshes/SM_Tooth_Brush_A1_ML.uasset" 76
"D:/1701890/GreenJam/Content/Blueprints/BP_item.uasset" 77
"../../../Engine/Content/EngineMaterials/WorldGridMaterial.uasset" 78
"../../../Engine/Content/BasicShapes/Cube.uasset" 79
"D:/1701890/GreenJam/Content/Textures/SM_Turtle_A1_ML.uasset" 80
"D:/1701890/GreenJam/Content/Materials/M_Turtle_01a.uasset" 81
"D:/1701890/GreenJam/Content/Geometry/Turtle/Turtle_01a_PhysicsAsset.uasset" 82
"D:/1701890/GreenJam/Content/Geometry/Turtle/Turtle_01a.uasset" 83
"D:/1701890/GreenJam/Content/Static_Meshes/SM_Net_A1_ML1.uasset" 84
"D:/1701890/GreenJam/Content/Materials/M_Net_01a.uasset" 85
"D:/1701890/GreenJam/Content/Static_Meshes/SM_Net_A1_ML.uasset" 86
"D:/1701890/GreenJam/Content/Blueprints/BP_player.uasset" 87
"D:/1701890/GreenJam/Content/Materials/M_Glow.uasset" 88
"D:/1701890/GreenJam/Content/Textures/SM_Buoy_A1_ML.uasset" 89
"D:/1701890/GreenJam/Content/Materials/M_Buoy_01a.uasset" 90
"D:/1701890/GreenJam/Content/Geometry/Buoy/Buoy_01a_PhysicsAsset.uasset" 91
"D:/1701890/GreenJam/Content/Geometry/Buoy/Buoy_01a.uasset" 92
"D:/1701890/GreenJam/Content/Sounds/BoingOriginal.uasset" 93
"D:/1701890/GreenJam/Content/Blueprints/BP_buoy.uasset" 94
"D:/1701890/GreenJam/Content/Blueprints/BP_camera.uasset" 95
"D:/1701890/GreenJam/Content/Blueprints/BP_GM.uasset" 96
"D:/1701890/GreenJam/Content/Textures/SM_Sea_Gull_A1_ML1.uasset" 97
"D:/1701890/GreenJam/Content/Materials/M_Seagull_01a.uasset" 98
"D:/1701890/GreenJam/Content/Static_Meshes/SM_Sea_Gull_A1_ML.uasset" 99
"D:/1701890/GreenJam/Content/Blueprints/BP_Seagull_01a.uasset" 100
"D:/1701890/GreenJam/Content/Blueprints/BP_world_camera.uasset" 101
"D:/1701890/GreenJam/Content/Blueprints/ThirdPersonGameMode.uasset" 102
"D:/1701890/GreenJam/Content/Blueprints/TopDownCharacter.uasset" 103
"D:/1701890/GreenJam/Content/Geometry/PM_Net.uasset" 104
"D:/1701890/GreenJam/Content/Geometry/Mannequin/Character/Mesh/UE4_Mannequin_Skeleton.uasset" 105
"D:/1701890/GreenJam/Content/Geometry/SK_Rope_PhysicsAsset.uasset" 106
"D:/1701890/GreenJam/Content/Geometry/SK_Rope.uasset" 107
"D:/1701890/GreenJam/Content/Geometry/Mannequin/Animations/ThirdPersonJump_End.uasset" 108
"D:/1701890/GreenJam/Content/Geometry/Mannequin/Animations/ThirdPerson_Jump.uasset" 109
"D:/1701890/GreenJam/Content/Geometry/Mannequin/Animations/ThirdPersonJump_Loop.uasset" 110
"D:/1701890/GreenJam/Content/Geometry/Mannequin/Animations/ThirdPersonJump_Start.uasset" 111
"D:/1701890/GreenJam/Content/Geometry/Mannequin/Animations/ThirdPersonIdle.uasset" 112
"D:/1701890/GreenJam/Content/Geometry/Mannequin/Animations/ThirdPersonRun.uasset" 113
"D:/1701890/GreenJam/Content/Geometry/Mannequin/Animations/ThirdPersonWalk.uasset" 114
"D:/1701890/GreenJam/Content/Geometry/Mannequin/Animations/ThirdPerson_IdleRun_2D.uasset" 115
"D:/1701890/GreenJam/Content/Geometry/Mannequin/Animations/ThirdPerson_AnimBP.uasset" 116
"D:/1701890/GreenJam/Content/Geometry/Mannequin/Character/Materials/MaterialLayers/T_ML_Rubber_Blue_01_D.uasset" 117
"D:/1701890/GreenJam/Content/Geometry/Mannequin/Character/Materials/MaterialLayers/T_ML_Rubber_Blue_01_N.uasset" 118
"D:/1701890/GreenJam/Content/Geometry/Mannequin/Character/Materials/MaterialLayers/ML_GlossyBlack_Latex_UE4.uasset" 119
"D:/1701890/GreenJam/Content/Geometry/Mannequin/Character/Materials/MaterialLayers/ML_Plastic_Shiny_Beige.uasset" 120
"D:/1701890/GreenJam/Content/Geometry/Mannequin/Character/Textures/UE4_LOGO_CARD.uasset" 121
"D:/1701890/GreenJam/Content/Geometry/Mannequin/Character/Materials/MaterialLayers/ML_Plastic_Shiny_Beige_LOGO.uasset" 122
"D:/1701890/GreenJam/Content/Geometry/Mannequin/Character/Materials/MaterialLayers/T_ML_Aluminum01.uasset" 123
"D:/1701890/GreenJam/Content/Geometry/Mannequin/Character/Materials/MaterialLayers/T_ML_Aluminum01_N.uasset" 124
"D:/1701890/GreenJam/Content/Geometry/Mannequin/Character/Materials/MaterialLayers/ML_SoftMetal_UE4.uasset" 125
"D:/1701890/GreenJam/Content/Geometry/Mannequin/Character/Textures/UE4_Mannequin__normals.uasset" 126
"D:/1701890/GreenJam/Content/Geometry/Mannequin/Character/Textures/UE4_Mannequin_MAT_MASKA.uasset" 127
"D:/1701890/GreenJam/Content/Geometry/Mannequin/Character/Materials/M_UE4Man_Body.uasset" 128
"D:/1701890/GreenJam/Content/Geometry/Mannequin/Character/Textures/UE4Man_Logo_N.uasset" 129
"D:/1701890/GreenJam/Content/Geometry/Mannequin/Character/Materials/M_UE4Man_ChestLogo.uasset" 130
"D:/1701890/GreenJam/Content/Geometry/Mannequin/Character/Mesh/SK_Mannequin_PhysicsAsset.uasset" 131
"D:/1701890/GreenJam/Content/Geometry/Mannequin/Character/Mesh/SK_Mannequin.uasset" 132
"D:/1701890/GreenJam/Content/Geometry/Meshes/CubeMaterial.uasset" 133
"D:/1701890/GreenJam/Content/Geometry/Meshes/1M_Cube_Chamfer.uasset" 134
"D:/1701890/GreenJam/Content/Geometry/Meshes/TemplateFloor.uasset" 135
"D:/1701890/GreenJam/Content/Mannequin/Animations/ThirdPersonJump_End.uasset" 136
"D:/1701890/GreenJam/Content/Materials/M_Base_Gradient_01a_Inst_02a.uasset" 137
"D:/1701890/GreenJam/Content/Materials/M_Sand_01a.uasset" 138
"D:/1701890/GreenJam/Content/Textures/Exclamation_mark.uasset" 139
"D:/1701890/GreenJam/Content/Materials/M_Waypoint.uasset" 140
"D:/1701890/GreenJam/Content/Materials/PM_ball.uasset" 141
"D:/1701890/GreenJam/Content/Sounds/PickUpOriginal.uasset" 142
"D:/1701890/GreenJam/Content/Sounds/Ambient/Seagulls/Seagulls_01.uasset" 143
"D:/1701890/GreenJam/Content/Sounds/Ambient/Seagulls/Seagulls_02.uasset" 144
"D:/1701890/GreenJam/Content/Sounds/Ambient/Seagulls/Seagulls_03.uasset" 145
"D:/1701890/GreenJam/Content/Sounds/Ambient/Seagulls/Seagulls_04.uasset" 146
"D:/1701890/GreenJam/Content/Sounds/CapBeard/CapBeard01.uasset" 147
"D:/1701890/GreenJam/Content/Sounds/CapBeard/CapBeard02.uasset" 148
"D:/1701890/GreenJam/Content/Sounds/CapBeard/CapBeard03.uasset" 149
"D:/1701890/GreenJam/Content/Sounds/CapBeard/CapBeard04.uasset" 150
"D:/1701890/GreenJam/Content/Materials/M_Coral_01a.uasset" 151
"D:/1701890/GreenJam/Content/Static_Meshes/Coral_01a.uasset" 152
"D:/1701890/GreenJam/Content/Static_Meshes/Coral_02a.uasset" 153
"D:/1701890/GreenJam/Content/Static_Meshes/SM_Buoy_A1_ML.uasset" 154
"D:/1701890/GreenJam/Content/Textures/SM_Plastic_Bag_A1_ML1.uasset" 155
"D:/1701890/GreenJam/Content/Widgets/Art4Widgets/Exclamation_mark.uasset" 156
"../../../Engine/Content/Animation/DefaultAnimCurveCompressionSettings.uasset" 157
"../../../Engine/Content/ArtTools/RenderToTexture/Meshes/S_1_Unit_Plane.uasset" 158
"../../../Engine/Content/BasicShapes/Cone.uasset" 159
"../../../Engine/Content/BasicShapes/Cylinder.uasset" 160
"../../../Engine/Content/EditorLandscapeResources/DataLayer.uasset" 161
"../../../Engine/Content/EditorMaterials/GizmoMaterial.uasset" 162
"../../../Engine/Content/EditorMaterials/MAT_Groups_Toggle.uasset" 163
"../../../Engine/Content/EditorMaterials/MAT_Groups_Visibility.uasset" 164
"../../../Engine/Content/EditorMaterials/PreviewShadowIndicator.uasset" 165
"../../../Engine/Content/EditorMaterials/PreviewShadowIndicatorMaterial.uasset" 166
"../../../Engine/Content/EditorMaterials/MatineeGroups/MAT_ColorTrack.uasset" 167
"../../../Engine/Content/EditorMaterials/MatineeGroups/MAT_Groups_Anim.uasset" 168
"../../../Engine/Content/EditorMaterials/MatineeGroups/MAT_Groups_AudioMaster.uasset" 169
"../../../Engine/Content/EditorMaterials/MatineeGroups/MAT_Groups_Director.uasset" 170
"../../../Engine/Content/EditorMaterials/MatineeGroups/MAT_Groups_Event.uasset" 171
"../../../Engine/Content/EditorMaterials/MatineeGroups/MAT_Groups_Fade.uasset" 172
"../../../Engine/Content/EditorMaterials/MatineeGroups/MAT_Groups_Float.uasset" 173
"../../../Engine/Content/EditorMaterials/MatineeGroups/MAT_Groups_Move.uasset" 174
"../../../Engine/Content/EditorMaterials/MatineeGroups/MAT_Groups_Slomo.uasset" 175
"../../../Engine/Content/EditorMaterials/MatineeGroups/MAT_Groups_Sound.uasset" 176
"../../../Engine/Content/EditorMaterials/MatineeGroups/MAT_Groups_Vector.uasset" 177
"../../../Engine/Content/EditorMaterials/ParticleSystems/PSysThumbnail_NoImage.uasset" 178
"../../../Engine/Content/EditorMaterials/ParticleSystems/PSysThumbnail_OOD.uasset" 179
"../../../Engine/Content/EditorMaterials/Camera/CineMat.uasset" 180
"../../../Engine/Content/EditorMaterials/Camera/MI_CineMat_Rig.uasset" 181
"../../../Engine/Content/EditorMeshes/Camera/SM_CraneRig_Arm.uasset" 182
"../../../Engine/Content/EditorMeshes/Camera/SM_CraneRig_Base.uasset" 183
"../../../Engine/Content/EditorMeshes/Camera/SM_CraneRig_Body.uasset" 184
"../../../Engine/Content/EditorMeshes/Camera/SM_CraneRig_Mount.uasset" 185
"../../../Engine/Content/EditorMeshes/Camera/SM_RailRig_Mount.uasset" 186
"../../../Engine/Content/EditorMeshes/Camera/SM_RailRig_Track.uasset" 187
"../../../Engine/Content/EditorResources/BSPVertex.uasset" 188
"../../../Engine/Content/EditorResources/EmptyActor.uasset" 189
"../../../Engine/Content/EditorResources/S_Actor.uasset" 190
"../../../Engine/Content/EditorResources/S_KBSJoint.uasset" 191
"../../../Engine/Content/EditorResources/S_Note.uasset" 192
"../../../Engine/Content/EditorResources/S_Solver.uasset" 193
"../../../Engine/Content/EditorResources/S_Trigger.uasset" 194
"../../../Engine/Content/EditorResources/AudioIcons/S_AudioComponent_AutoActivate.uasset" 195
"../../../Engine/Content/EditorResources/SequenceRecorder/Countdown.uasset" 196
"../../../Engine/Content/EditorResources/SequenceRecorder/RecordingIndicator.uasset" 197
"../../../Engine/Content/EditorSounds/Notifications/CompileFailed.uasset" 198
"../../../Engine/Content/EditorSounds/Notifications/CompileFailed_Cue.uasset" 199
"../../../Engine/Content/EditorSounds/Notifications/CompileSuccess.uasset" 200
"../../../Engine/Content/EditorSounds/Notifications/CompileStart_Cue.uasset" 201
"../../../Engine/Content/EditorSounds/Notifications/CompileSuccess_Cue.uasset" 202
"../../../Engine/Content/EngineDamageTypes/DmgTypeBP_Environmental.uasset" 203
"../../../Engine/Content/EngineDebugMaterials/HeatmapGradient.uasset" 204
"../../../Engine/Content/EngineDebugMaterials/BoneWeightMaterial.uasset" 205
"../../../Engine/Content/EngineDebugMaterials/ClothMaterial.uasset" 206
"../../../Engine/Content/EngineDebugMaterials/ClothMaterial_WF.uasset" 207
"../../../Engine/Content/EngineDebugMaterials/DebugEditorMaterial.uasset" 208
"../../../Engine/Content/EngineDebugMaterials/DebugMeshMaterial.uasset" 209
"../../../Engine/Content/EngineDebugMaterials/GeomMaterial.uasset" 210
"../../../Engine/Content/EngineDebugMaterials/M_SimpleTranslucent.uasset" 211
"../../../Engine/Content/Functions/Engine_MaterialFunctions02/Utility/CameraDirectionVector.uasset" 212
"../../../Engine/Content/EngineDebugMaterials/VolumeToRender.uasset" 213
"../../../Engine/Content/EngineDebugMaterials/M_VolumeRenderSphereTracePP.uasset" 214
"../../../Engine/Content/EngineDebugMaterials/WireframeMaterial.uasset" 215
"../../../Engine/Content/EngineFonts/Faces/RobotoBold.uasset" 216
"../../../Engine/Content/EngineFonts/Faces/RobotoBoldItalic.uasset" 217
"../../../Engine/Content/EngineFonts/Faces/RobotoItalic.uasset" 218
"../../../Engine/Content/EngineFonts/Faces/RobotoLight.uasset" 219
"../../../Engine/Content/EngineFonts/Faces/RobotoRegular.uasset" 220
"../../../Engine/Content/EngineFonts/Roboto.uasset" 221
"../../../Engine/Content/EngineFonts/Faces/RobotoTiny.uasset" 222
"../../../Engine/Content/EngineFonts/RobotoTiny.uasset" 223
"../../../Engine/Content/EngineMaterials/BaseFlattenDiffuseMap.uasset" 224
"../../../Engine/Content/EngineMaterials/BaseFlattenEmissiveMap.uasset" 225
"../../../Engine/Content/EngineMaterials/BaseFlattenGrayscaleMap.uasset" 226
"../../../Engine/Content/EngineMaterials/BaseFlattenNormalMap.uasset" 227
"../../../Engine/Content/EngineMaterials/BaseFlattenMaterial.uasset" 228
"../../../Engine/Content/EngineMaterials/BlueNoise.uasset" 229
"../../../Engine/Content/EngineMaterials/DefaultBloomKernel.uasset" 230
"../../../Engine/Content/EngineMaterials/DefaultBokeh.uasset" 231
"../../../Engine/Content/EngineMaterials/DefaultDiffuse.uasset" 232
"../../../Engine/Content/EngineMaterials/DefaultDeferredDecalMaterial.uasset" 233
"../../../Engine/Content/EngineMaterials/DefaultLightFunctionMaterial.uasset" 234
"../../../Engine/Content/EngineMaterials/DefaultPhysicalMaterial.uasset" 235
"../../../Engine/Content/EngineMaterials/DefaultPostProcessMaterial.uasset" 236
"../../../Engine/Content/EngineFonts/RobotoDistanceField.uasset" 237
"../../../Engine/Content/EngineMaterials/DefaultTextMaterialOpaque.uasset" 238
"../../../Engine/Content/EngineMaterials/DefaultVirtualTextureMaterial.uasset" 239
"../../../Engine/Content/EngineMaterials/DefaultWhiteGrid.uasset" 240
"../../../Engine/Content/EngineMaterials/EditorBrushMaterial.uasset" 241
"../../../Engine/Content/EngineMaterials/DefaultWhiteGrid_Low.uasset" 242
"../../../Engine/Content/EngineMaterials/EmissiveMeshMaterial.uasset" 243
"../../../Engine/Content/EngineMaterials/Good64x64TilingNoiseHighFreq.uasset" 244
"../../../Engine/Content/EngineMaterials/MiniFont.uasset" 245
"../../../Engine/Content/EngineMaterials/InvalidLightmapSettings.uasset" 246
"../../../Engine/Content/EngineMaterials/M_InvalidLightmapSettings.uasset" 247
"../../../Engine/Content/Functions/Engine_MaterialFunctions02/WorldPositionOffset/CameraOffset.uasset" 248
"../../../Engine/Content/EngineMaterials/PhAT_JointLimitMaterial.uasset" 249
"../../../Engine/Content/EngineMaterials/PreintegratedSkinBRDF.uasset" 250
"../../../Engine/Content/EngineMaterials/RemoveSurfaceMaterial.uasset" 251
"../../../Engine/Content/EngineMaterials/WeightMapPlaceholderTexture.uasset" 252
"../../../Engine/Content/EngineResources/WhiteSquareTexture.uasset" 253
"../../../Engine/Content/EngineMaterials/Widget3DPassThrough.uasset" 254
"../../../Engine/Content/EngineMaterials/Widget3DPassThrough_Masked.uasset" 255
"../../../Engine/Content/EngineMaterials/Widget3DPassThrough_Opaque.uasset" 256
"../../../Engine/Content/EngineMaterials/Widget3DPassThrough_Masked_OneSided.uasset" 257
"../../../Engine/Content/EngineMaterials/Widget3DPassThrough_Opaque_OneSided.uasset" 258
"../../../Engine/Content/EngineMaterials/Widget3DPassThrough_Translucent.uasset" 259
"../../../Engine/Content/EngineMaterials/Widget3DPassThrough_Translucent_OneSided.uasset" 260
"../../../Engine/Content/EngineMeshes/Cylinder.uasset" 261
"../../../Engine/Content/EngineMeshes/Sphere.uasset" 262
"../../../Engine/Content/EngineResources/Black.uasset" 263
"../../../Engine/Content/EngineResources/DefaultTexture.uasset" 264
"../../../Engine/Content/EngineResources/DefaultTextureCube.uasset" 265
"../../../Engine/Content/EngineResources/DefaultVolumeTexture2D.uasset" 266
"../../../Engine/Content/EngineResources/DefaultVolumeTexture.uasset" 267
"../../../Engine/Content/EngineResources/GradientTexture0.uasset" 268
"../../../Engine/Content/EngineSounds/Master.uasset" 269
"../../../Engine/Content/Functions/Engine_MaterialFunctions01/Shading/ConvertFromDiffSpec.uasset" 270
"../../../Engine/Content/Functions/Engine_MaterialFunctions01/Shading/PowerToRoughness.uasset" 271
"../../../Engine/Content/Maps/Templates/Thumbnails/Default.uasset" 272
"../../../Engine/Content/Maps/Templates/Thumbnails/VR-Basic.uasset" 273
"../../../Engine/Content/MobileResources/T_MobileControls_texture.uasset" 274
"../../../Engine/Content/MobileResources/T_MobileMenu2.uasset" 275
"../../../Engine/Content/MobileResources/HUD/AnalogHat.uasset" 276
"../../../Engine/Content/MobileResources/HUD/VirtualJoystick_Background.uasset" 277
"../../../Engine/Content/MobileResources/HUD/VirtualJoystick_Thumb.uasset" 278
"../../../Engine/Content/MobileResources/HUD/DefaultVirtualJoysticks.uasset" 279
"../../../Engine/Content/MobileResources/HUD/LeftVirtualJoystickOnly.uasset" 280
"../../../Engine/Content/MobileResources/HUD/MobileHUDButton1_off.uasset" 281
"../../../Engine/Content/MobileResources/HUD/MobileHUDButton1_on.uasset" 282
"../../../Engine/Content/MobileResources/HUD/MobileHUDButton2_off.uasset" 283
"../../../Engine/Content/MobileResources/HUD/MobileHUDButton2_on.uasset" 284
"../../../Engine/Content/MobileResources/HUD/MobileHUDButton3.uasset" 285
"../../../Engine/Content/MobileResources/HUD/MobileHUDButtonFire.uasset" 286
"../../../Engine/Content/MobileResources/HUD/MobileHUDDirectionPad.uasset" 287
"../../../Engine/Content/MobileResources/HUD/MobileHUDDirectionPad2.uasset" 288
"../../../Engine/Content/MobileResources/HUD/MobileHUDDirectionPad3.uasset" 289
"../../../Engine/Content/MobileResources/HUD/MobileHUDDirectionStick.uasset" 290
"../../../Engine/Content/MobileResources/HUD/T_Castle_ThumbstickInner.uasset" 291
"../../../Engine/Content/MobileResources/HUD/T_Castle_ThumbstickOutter.uasset" 292
"../../../Engine/Content/Tutorial/ContentIntroCurve.uasset" 293
"../../../Engine/Content/Tutorial/Basics/LevelEditorAttract.uasset" 294
"../../../Engine/Content/VREditor/LaserPointer/VR_LaserPower_01.uasset" 295
"../../../Engine/Content/VREditor/TransformGizmo/TransformGizmoMaterial.uasset" 296
"../../../Engine/Content/VREditor/TransformGizmo/TranslucentTransformGizmoMaterial.uasset" 297
"../../../Engine/Content/VREditor/TransformGizmo/BoundingBoxCorner.uasset" 298
"../../../Engine/Content/VREditor/TransformGizmo/BoundingBoxEdge.uasset" 299
"../../../Engine/Content/VREditor/TransformGizmo/PlaneTranslationHandle.uasset" 300
"../../../Engine/Content/VREditor/TransformGizmo/Main.uasset" 301
"../../../Engine/Content/VREditor/TransformGizmo/Xray.uasset" 302
"../../../Engine/Content/VREditor/TransformGizmo/SM_Sequencer_Key.uasset" 303
"../../../Engine/Content/VREditor/TransformGizmo/SM_Sequencer_Node.uasset" 304
"../../Plugins/2D/Paper2D/Content/PlaceholderTextures/DummySpriteTexture.uasset" 305
"../../Plugins/2D/Paper2D/Content/DummySprite.uasset" 306
"../../Plugins/2D/Paper2D/Content/DefaultPaperTerrainMaterial.uasset" 307
"../../Plugins/2D/Paper2D/Content/DummySpriteTexture.uasset" 308
"../../Plugins/2D/Paper2D/Content/DefaultSpriteMaterial.uasset" 309
"../../Plugins/2D/Paper2D/Content/MaskedUnlitSpriteMaterial.uasset" 310
"../../Plugins/2D/Paper2D/Content/OpaqueUnlitSpriteMaterial.uasset" 311
"../../Plugins/Runtime/Oculus/OculusVR/Content/OculusMR_RenderTarget.uasset" 312
"../../../Engine/Content/Functions/Engine_MaterialFunctions02/Utility/BreakOutFloat4Components.uasset" 313
"../../../Engine/Content/Functions/Engine_MaterialFunctions02/Utility/MakeFloat3.uasset" 314
"../../Plugins/Runtime/Oculus/OculusVR/Content/Materials/OculusMR_ChromaKey.uasset" 315
"../../Plugins/Runtime/Oculus/OculusVR/Content/Materials/OculusMR_ChromaKey_Lit.uasset" 316
"../../Plugins/Runtime/Oculus/OculusVR/Content/Materials/OculusMR_OpaqueColoredMaterial.uasset" 317
"../../Plugins/Runtime/Oculus/OculusVR/Content/Materials/OculusMR_WhiteMaterial.uasset" 318
"D:/1701890/GreenJam/Content/Blueprints/BP_StartScreenMode.uasset" 319
"D:/1701890/GreenJam/Content/Widgets/Art4Widgets/Title.uasset" 320
"D:/1701890/GreenJam/Content/Widgets/WBP_StartScreen.uasset" 321
"D:/1701890/GreenJam/Content/Maps/StartScreen.umap" 322
"D:/1701890/GreenJam/Content/Geometry/Captain_beard/Captain_Beard_Skeleton.uasset" 323
"D:/1701890/GreenJam/Content/Geometry/Captain_beard/Captain_Beard_Anim.uasset" 324
"D:/1701890/GreenJam/Content/Materials/M_Captain_Beard_01a.uasset" 325
"D:/1701890/GreenJam/Content/Geometry/Captain_beard/Captain_Beard_PhysicsAsset.uasset" 326
"D:/1701890/GreenJam/Content/Geometry/Captain_beard/Captain_Beard.uasset" 327
"D:/1701890/GreenJam/Content/Sounds/CapBeard/CapBeard_Cue.uasset" 328
"D:/1701890/GreenJam/Content/Widgets/WBP_Waypoint.uasset" 329
"D:/1701890/GreenJam/Content/Blueprints/BP_George.uasset" 330
"../../../Engine/Content/EngineSky/C_Sky_Cloud_Color.uasset" 331
"../../../Engine/Content/EngineSky/C_Sky_Horizon_Color.uasset" 332
"../../../Engine/Content/EngineSky/C_Sky_Zenith_Color.uasset" 333
"../../../Engine/Content/EngineSky/T_Sky_Blue.uasset" 334
"../../../Engine/Content/EngineSky/T_Sky_Clouds_M.uasset" 335
"../../../Engine/Content/EngineSky/T_Sky_Stars.uasset" 336
"../../../Engine/Content/EngineSky/M_Sky_Panning_Clouds2.uasset" 337
"../../../Engine/Content/EngineSky/SM_SkySphere.uasset" 338
"../../../Engine/Content/EngineSky/BP_Sky_Sphere.uasset" 339
"D:/1701890/GreenJam/Content/Textures/SM_Boat_A1_ML.uasset" 340
"D:/1701890/GreenJam/Content/Materials/M_Boat_01a.uasset" 341
"D:/1701890/GreenJam/Content/Static_Meshes/Boat_01a.uasset" 342
"D:/1701890/GreenJam/Content/Widgets/Art4Widgets/ScoreBoard.uasset" 343
"D:/1701890/GreenJam/Content/Widgets/WBP_EndScreen.uasset" 344
"D:/1701890/GreenJam/Content/Blueprints/BP_Goal.uasset" 345
"D:/1701890/GreenJam/Content/Blueprints/BP_SpawnArea.uasset" 346
"D:/1701890/GreenJam/Content/Maps/VAL_BuiltData.uasset" 347
"../../../Engine/Content/Functions/Engine_MaterialFunctions01/Gradient/LinearGradient.uasset" 348
"../../../Engine/Content/Functions/Engine_MaterialFunctions01/ImageAdjustment/CheapContrast.uasset" 349
"../../../Engine/Content/Functions/Engine_MaterialFunctions03/Procedurals/NormalFromHeightmap.uasset" 350
"D:/1701890/GreenJam/Content/Textures/Controls.uasset" 351
"D:/1701890/GreenJam/Content/Materials/M_Decal_01a.uasset" 352
"D:/1701890/GreenJam/Content/Textures/TX_Water_01a_Caustics.uasset" 353
"D:/1701890/GreenJam/Content/Textures/TX_Water_01a_HEIGHT.uasset" 354
"D:/1701890/GreenJam/Content/Materials/M_Water_01a.uasset" 355
"../../../Engine/Content/BasicShapes/Plane.uasset" 356
"D:/1701890/GreenJam/Content/Geometry/Meshes/1M_Cube.uasset" 357
"D:/1701890/GreenJam/Content/Sounds/Ambient/Ukulele.uasset" 358
"D:/1701890/GreenJam/Content/Sounds/Ambient/WaterSounds.uasset" 359
"D:/1701890/GreenJam/Content/Sounds/Ambient/Ambient.uasset" 360
"D:/1701890/GreenJam/Content/Materials/M_Base_Gradient_01a_Wave.uasset" 361
"D:/1701890/GreenJam/Content/Static_Meshes/Seaweed_01a.uasset" 362
"D:/1701890/GreenJam/Content/Textures/SM_Beach_A1_ML1.uasset" 363
"D:/1701890/GreenJam/Content/Materials/M_Sandbank_01a.uasset" 364
"D:/1701890/GreenJam/Content/Static_Meshes/SM_Beach_A1_ML.uasset" 365
"D:/1701890/GreenJam/Content/Textures/SM_Building_A1_ML1.uasset" 366
"D:/1701890/GreenJam/Content/Materials/M_Building_01a.uasset" 367
"D:/1701890/GreenJam/Content/Static_Meshes/SM_Building_A1_ML.uasset" 368
"D:/1701890/GreenJam/Content/Textures/SM_Palm_Tree_A1_ML1.uasset" 369
"D:/1701890/GreenJam/Content/Materials/M_Palm_Tree_01a.uasset" 370
"D:/1701890/GreenJam/Content/Static_Meshes/SM_Palm_Tree_A1_ML.uasset" 371
"D:/1701890/GreenJam/Content/Static_Meshes/Water_Plane_01a.uasset" 372
"D:/1701890/GreenJam/Content/Maps/VAL.umap" 373
"../../../Engine/Content/Maps/Entry_BuiltData.uasset" 374
"../../../Engine/Content/Maps/Entry.umap" 375
